<?xml version="1.0" encoding="UTF-8"?>
<!-- Generated by org.testng.reporters.JUnitXMLReporter -->
<testsuite hostname="Tahboub-PC" ignored="0" name="Regression Test" tests="5" failures="0" timestamp="13 Oct 2017 18:51:34 GMT" time="25.707" errors="0">
  <testcase name="main" time="2.387" classname="automationFramework.NewComputer"/>
  <testcase name="main" time="0.808" classname="automationFramework.FilterComputer"/>
  <testcase name="main" time="0.941" classname="automationFramework.ViewComputer"/>
  <testcase name="main" time="1.878" classname="automationFramework.UpdateComputer"/>
  <testcase name="main" time="1.413" classname="automationFramework.DeleteComputer"/>
</testsuite> <!-- Regression Test -->
